{
  "RSpec": {
    "coverage": {
      "/home/lauranor/ohtu/open-k/app/helpers/application_helper.rb": [
        1,
        null
      ],
      "/home/lauranor/ohtu/open-k/app/helpers/test_students_helper.rb": [
        1,
        null
      ],
      "/home/lauranor/ohtu/open-k/app/helpers/welcome_helper.rb": [
        1,
        null
      ],
      "/home/lauranor/ohtu/open-k/app/controllers/test_students_controller.rb": [
        1,
        1,
        null,
        null,
        null,
        1,
        2,
        null,
        null,
        null,
        null,
        1,
        null,
        null,
        null,
        1,
        1,
        null,
        null,
        null,
        1,
        null,
        null,
        null,
        null,
        1,
        3,
        null,
        3,
        3,
        6,
        3,
        null,
        0,
        0,
        null,
        null,
        null,
        null,
        null,
        null,
        1,
        3,
        3,
        6,
        3,
        null,
        0,
        0,
        null,
        null,
        null,
        null,
        null,
        null,
        1,
        2,
        2,
        4,
        2,
        null,
        null,
        null,
        1,
        null,
        1,
        7,
        null,
        null,
        null,
        1,
        6,
        null,
        null
      ],
      "/home/lauranor/ohtu/open-k/app/controllers/application_controller.rb": [
        1,
        1,
        null
      ],
      "/home/lauranor/ohtu/open-k/app/models/test_student.rb": [
        1,
        null,
        null
      ],
      "/home/lauranor/ohtu/open-k/app/models/application_record.rb": [
        1,
        1,
        null
      ],
      "/home/lauranor/ohtu/open-k/app/controllers/welcome_controller.rb": [
        1,
        null
      ],
      "/home/lauranor/ohtu/open-k/app/mailers/application_mailer.rb": [
        0,
        0,
        0,
        0
      ],
      "/home/lauranor/ohtu/open-k/app/jobs/application_job.rb": [
        0,
        0
      ],
      "/home/lauranor/ohtu/open-k/app/channels/application_cable/connection.rb": [
        0,
        0,
        0,
        0
      ],
      "/home/lauranor/ohtu/open-k/app/channels/application_cable/channel.rb": [
        0,
        0,
        0,
        0
      ]
    },
    "timestamp": 1484911960
  }
}
